SF:lib\main.dart
DA:9,0
DA:10,0
DA:11,0
DA:20,0
DA:22,0
DA:26,3
DA:28,1
DA:43,3
DA:46,2
DA:47,2
DA:53,2
DA:55,2
DA:62,2
DA:64,2
DA:65,6
DA:68,2
DA:69,2
DA:71,2
DA:72,2
DA:74,2
DA:76,2
DA:81,1
DA:82,2
DA:83,1
DA:86,1
DA:87,2
DA:88,2
DA:93,6
DA:101,1
DA:103,1
DA:104,1
DA:109,1
DA:111,1
DA:113,1
DA:114,1
DA:115,3
DA:120,1
DA:127,1
DA:133,1
DA:134,5
DA:135,1
DA:137,1
DA:138,2
DA:142,2
DA:143,1
DA:149,1
DA:150,1
DA:154,1
DA:156,1
DA:157,1
DA:167,1
DA:170,1
DA:171,1
DA:176,1
DA:179,1
DA:181,0
DA:182,0
DA:183,0
DA:189,1
DA:191,1
DA:192,4
DA:195,1
DA:197,1
DA:199,1
DA:204,1
DA:205,2
DA:206,1
DA:208,1
DA:209,1
DA:216,1
DA:217,1
DA:218,1
DA:219,1
DA:225,2
DA:228,1
DA:229,1
DA:230,1
DA:245,2
DA:247,1
DA:248,1
DA:256,0
DA:257,0
DA:260,1
DA:267,1
DA:268,1
DA:269,1
DA:270,1
LF:87
LH:77
end_of_record
SF:lib\firebase_options.dart
DA:18,0
DA:22,0
DA:23,0
DA:25,0
DA:27,0
DA:29,0
DA:30,0
DA:34,0
DA:35,0
DA:40,0
LF:10
LH:0
end_of_record
