SF:lib\main.dart
DA:9,0
DA:10,0
DA:11,0
DA:20,0
DA:22,0
DA:26,3
DA:28,1
DA:43,3
DA:46,2
DA:47,2
DA:53,2
DA:55,2
DA:62,2
DA:64,2
DA:65,6
DA:68,2
DA:69,2
DA:71,2
DA:72,2
DA:74,2
DA:76,2
DA:81,1
DA:82,2
DA:83,1
DA:86,1
DA:87,2
DA:88,2
DA:93,6
DA:101,1
DA:103,1
DA:104,1
DA:109,1
DA:111,1
DA:113,1
DA:114,1
DA:115,3
DA:120,1
DA:127,1
DA:133,0
DA:134,0
DA:135,0
DA:137,0
DA:138,0
DA:142,2
DA:143,1
DA:149,1
DA:150,0
DA:154,0
DA:156,0
DA:157,0
DA:167,0
DA:170,0
DA:171,0
DA:176,0
DA:179,0
DA:181,0
DA:182,0
DA:183,0
DA:189,0
DA:191,0
DA:192,0
DA:195,0
DA:197,0
DA:199,0
DA:200,0
DA:207,0
DA:208,0
DA:209,0
DA:210,0
DA:216,0
DA:218,0
DA:219,0
DA:220,0
DA:232,2
DA:234,0
DA:235,0
DA:243,0
DA:244,0
DA:247,0
DA:254,0
DA:255,0
DA:256,0
DA:257,0
LF:83
LH:37
end_of_record
SF:lib\firebase_options.dart
DA:18,0
DA:22,0
DA:23,0
DA:25,0
DA:27,0
DA:29,0
DA:30,0
DA:34,0
DA:35,0
DA:40,0
LF:10
LH:0
end_of_record
